2020-06-05 10:52:15,414 [INFO] main current IP address : 10.17.0.10/EltondeMacBook-Pro.local/10.17.0.10
2020-06-05 10:52:16,513 [INFO] main jetty-9.1.1.v20140108
2020-06-05 10:52:16,546 [INFO] main Started ServerConnector@30834322{HTTP/1.1}{0.0.0.0:8090}
2020-06-05 10:52:16,547 [INFO] main RESTful Server started at : http://localhost:8090/
2020-06-05 10:52:16,548 [INFO] main MyConnection started...
2020-06-05 10:52:16,549 [INFO] main Get all User request
2020-06-05 10:52:16,582 [INFO] main MLog clients using log4j logging.
2020-06-05 10:52:16,706 [INFO] main Initializing c3p0-0.9.1.2 [built 21-May-2007 15:04:56; debug? true; trace: 10]
2020-06-05 10:52:16,762 [INFO] main Initializing c3p0 pool... com.mchange.v2.c3p0.ComboPooledDataSource [ acquireIncrement -> 3, acquireRetryAttempts -> 30, acquireRetryDelay -> 1000, autoCommitOnClose -> false, automaticTestTable -> null, breakAfterAcquireFailure -> false, checkoutTimeout -> 0, connectionCustomizerClassName -> null, connectionTesterClassName -> com.mchange.v2.c3p0.impl.DefaultConnectionTester, dataSourceName -> 2sjthmaa106gnkrd8mvf9|2f3c6ac4, debugUnreturnedConnectionStackTraces -> false, description -> null, driverClass -> org.mariadb.jdbc.Driver, factoryClassLocation -> null, forceIgnoreUnresolvedTransactions -> false, identityToken -> 2sjthmaa106gnkrd8mvf9|2f3c6ac4, idleConnectionTestPeriod -> 60, initialPoolSize -> 5, jdbcUrl -> jdbc:mariadb://39.100.117.169:3306/cars_uat, maxAdministrativeTaskTime -> 0, maxConnectionAge -> 0, maxIdleTime -> 120, maxIdleTimeExcessConnections -> 0, maxPoolSize -> 20, maxStatements -> 0, maxStatementsPerConnection -> 0, minPoolSize -> 5, numHelperThreads -> 3, numThreadsAwaitingCheckoutDefaultUser -> 0, preferredTestQuery -> select 1, properties -> {password=******, user=******}, propertyCycle -> 0, testConnectionOnCheckin -> true, testConnectionOnCheckout -> false, unreturnedConnectionTimeout -> 0, usesTraditionalReflectiveProxies -> false ]
2020-06-05 10:52:17,069 [INFO] main sql--> select * from user
2020-06-05 10:52:17,133 [INFO] main returned 8 row(s) data
2020-06-05 10:52:17,134 [INFO] main UserCache reloaded. 8 record(s) are refreshed.
2020-06-05 10:52:17,134 [INFO] main Get all saved orders request
2020-06-05 10:52:17,135 [INFO] main sql--> select * from save_order
2020-06-05 10:52:17,184 [INFO] main returned 4 row(s) data
2020-06-05 10:52:17,185 [INFO] main SaveOrderCache reloaded. 4 record(s) are refreshed.
2020-06-05 10:52:17,186 [INFO] main Get all order mappings request
2020-06-05 10:52:17,186 [INFO] main sql--> select * from order_map
2020-06-05 10:52:17,235 [INFO] main returned 103 row(s) data
2020-06-05 10:52:17,236 [INFO] main OrderMapCache reloaded. 103 record(s) are refreshed.
2020-06-05 10:52:17,237 [INFO] main Get all get orders request
2020-06-05 10:52:17,238 [INFO] main sql--> select * from get_order
2020-06-05 10:52:17,349 [INFO] main returned 4 row(s) data
2020-06-05 10:52:17,350 [INFO] main GetOrderCache reloaded. 4 record(s) are refreshed.
2020-06-05 10:52:17,352 [INFO] main Get all Brands request
2020-06-05 10:52:17,353 [INFO] main sql--> select * from brand
2020-06-05 10:52:17,405 [INFO] main returned 77 row(s) data
2020-06-05 10:52:17,406 [INFO] main BrandCache reloaded. 77 record(s) are refreshed.
2020-06-05 10:52:24,115 [INFO] Thread-0 Application stopped.
